#
# A fatal error has been detected by the Java Runtime Environment:
#
#  SIGSEGV (0xb) at pc=0x0000000102203404, pid=17609, tid=6147
#
# JRE version: OpenJDK Runtime Environment (15.0+36) (build 15+36-1562)
# Java VM: OpenJDK 64-Bit Server VM (15+36-1562, mixed mode, sharing, tiered, compressed oops, g1 gc, bsd-amd64)
# Problematic frame:
# V  [libjvm.dylib+0x3404]  AccessInternal::PostRuntimeDispatch<G1BarrierSet::AccessBarrier<548980ull, G1BarrierSet>, (AccessInternal::BarrierType)2, 548980ull>::oop_access_barrier(void*)+0x4
#
# No core dump will be written. Core dumps have been disabled. To enable core dumping, try "ulimit -c unlimited" before starting Java again
#
# If you would like to submit a bug report, please visit:
#   https://bugreport.java.com/bugreport/crash.jsp
#

---------------  S U M M A R Y ------------

Command Line: -Dfile.encoding=UTF-8 -XX:+ShowCodeDetailsInExceptionMessages org.apache.catalina.startup.Tomcat$1

Host: MacBookPro15,2 x86_64 2400 MHz, 8 cores, 8G, Darwin 19.6.0
Time: Sat Oct 24 16:14:47 2020 EDT elapsed time: 0.092455 seconds (0d 0h 0m 0s)

---------------  T H R E A D  ---------------

Current thread (0x00007fda1200b800):  JavaThread "main" [_thread_in_vm, id=6147, stack(0x000070000993a000,0x0000700009a3a000)]

Stack: [0x000070000993a000,0x0000700009a3a000],  sp=0x0000700009a39df0,  free space=1023k
Native frames: (J=compiled Java code, A=aot compiled Java code, j=interpreted, Vv=VM code, C=native code)
V  [libjvm.dylib+0x3404]  AccessInternal::PostRuntimeDispatch<G1BarrierSet::AccessBarrier<548980ull, G1BarrierSet>, (AccessInternal::BarrierType)2, 548980ull>::oop_access_barrier(void*)+0x4
V  [libjvm.dylib+0x5169d1]  jni_GetStringUTFChars+0xd1
C  [libjli.dylib+0x79ed]  PostJVMInit+0xad
C  [libjli.dylib+0x4ed8]  JavaMain+0xbb8
C  [libjli.dylib+0x7659]  ThreadJavaMain+0x9
C  [libsystem_pthread.dylib+0x6109]  _pthread_start+0x94
C  [libsystem_pthread.dylib+0x1b8b]  thread_start+0xf


siginfo: si_signo: 11 (SIGSEGV), si_code: 1 (SEGV_MAPERR), si_addr: 0x0000000000000000

Register to memory mapping:

RAX=0x00000001010ad000 points into unknown readable memory: 0x0000000000000000 | 00 00 00 00 00 00 00 00
RBX=0x00007fda1200bb28 points into unknown readable memory: 0x0000000102ddc760 | 60 c7 dd 02 01 00 00 00
RCX=0x0000000102ddc760: jni_NativeInterface+0 in /Users/mulie/Library/Java/JavaVirtualMachines/openjdk-15/Contents/Home/lib/server/libjvm.dylib at 0x0000000102200000
RDX=0x0 is NULL
RSP=0x0000700009a39df0 is pointing into the stack for thread: 0x00007fda1200b800
RBP=0x0000700009a39df0 is pointing into the stack for thread: 0x00007fda1200b800
RSI=0x0 is NULL
RDI=0x0 is NULL
R8 ={method} {0x000000080000e2b8} 'getCanonicalName' '()Ljava/lang/String;' in 'java/lang/Class'
R9 =0x00007fda11415420 points into unknown readable memory: 0x000000080000e2b8 | b8 e2 00 00 08 00 00 00
R10=0x0000000102e5aac0: _ZN19TemplateInterpreter13_active_tableE+0x4800 in /Users/mulie/Library/Java/JavaVirtualMachines/openjdk-15/Contents/Home/lib/server/libjvm.dylib at 0x0000000102200000
R11=0x0 is NULL
R12=0x00007fda1200b800 is a thread
R13=0x0 is NULL
R14=0x0 is NULL
R15=0x0 is NULL


Registers:
RAX=0x00000001010ad000, RBX=0x00007fda1200bb28, RCX=0x0000000102ddc760, RDX=0x0000000000000000
RSP=0x0000700009a39df0, RBP=0x0000700009a39df0, RSI=0x0000000000000000, RDI=0x0000000000000000
R8 =0x000000080000e2b8, R9 =0x00007fda11415420, R10=0x0000000102e5aac0, R11=0x0000000000000000
R12=0x00007fda1200b800, R13=0x0000000000000000, R14=0x0000000000000000, R15=0x0000000000000000
RIP=0x0000000102203404, EFLAGS=0x0000000000010246, ERR=0x0000000000000004
  TRAPNO=0x000000000000000e

Top of Stack: (sp=0x0000700009a39df0)
0x0000700009a39df0:   0000700009a39e80 00000001027169d1
0x0000700009a39e00:   00007fda1200b800 0000000000000000
0x0000700009a39e10:   0000000101081b92 00007fda1200b800
0x0000700009a39e20:   b9bed337589e0042 00007fda1200bb28
0x0000700009a39e30:   00007fda1200b800 0000000000000000
0x0000700009a39e40:   00007fda1200bb28 00007fda1200b800
0x0000700009a39e50:   0000700009a39e80 00007fda1200bb28
0x0000700009a39e60:   00007fda11415d38 0000000000000000
0x0000700009a39e70:   0000000000000000 00007fda11415d30
0x0000700009a39e80:   0000700009a39f10 000000010107d9ed
0x0000700009a39e90:   00007fda1200bb28 00007fda1200b800
0x0000700009a39ea0:   0000700009a39ed0 0000000102702fe7
0x0000700009a39eb0:   b9bed337589e0042 00007fda11415d18
0x0000700009a39ec0:   00007fda11415d38 0000000000000000
0x0000700009a39ed0:   00007fda1200bb28 00007fda1200b800
0x0000700009a39ee0:   0000700009a39f10 b9bed337589e0042
0x0000700009a39ef0:   00007fda11415d18 00007fda11415d38
0x0000700009a39f00:   00007fda11415d48 00007fda11415d30
0x0000700009a39f10:   0000700009a39fa0 000000010107aed8
0x0000700009a39f20:   0000000000000000 0005b2705946d91c
0x0000700009a39f30:   0000000500010002 00007fda11409140
0x0000700009a39f40:   0000000000000000 0000000000000000
0x0000700009a39f50:   00007fda114069c0 0000000000000001
0x0000700009a39f60:   00007fda11406960 00007fda1200bb28
0x0000700009a39f70:   0000000102ddc758 0000700009a3a000
0x0000700009a39f80:   0000000000000000 0000000000000000
0x0000700009a39f90:   0000000000000000 0000000000000000
0x0000700009a39fa0:   0000700009a39fb0 000000010107d659
0x0000700009a39fb0:   0000700009a39fd0 00007fff70651109
0x0000700009a39fc0:   0000000000000000 0000000000000000
0x0000700009a39fd0:   0000700009a39ff0 00007fff7064cb8b
0x0000700009a39fe0:   0000000000000000 0000000000000000 

Instructions: (pc=0x0000000102203404)
0x0000000102203304:   ff 0b 73 0e 48 63 c7 48 8d 0d fe 61 af 00 8b 04
0x0000000102203314:   81 c3 55 48 89 e5 48 8d 3d 53 78 a7 00 be 9c 00
0x0000000102203324:   00 00 e8 35 b6 2f 00 e8 e0 4a 82 00 31 c0 5d c3
0x0000000102203334:   66 66 66 2e 0f 1f 84 00 00 00 00 00 55 48 89 e5
0x0000000102203344:   48 8b 47 08 0f b7 48 32 0f b7 40 30 8d 44 01 19
0x0000000102203354:   5d c3 66 2e 0f 1f 84 00 00 00 00 00 55 48 89 e5
0x0000000102203364:   53 50 48 89 fb 48 8d 0d c8 95 c3 00 48 8d 05 a9
0x0000000102203374:   dc c0 00 48 8b 00 8b 40 10 ff c8 80 39 00 74 10
0x0000000102203384:   83 f8 04 73 1f 48 98 48 8d 0d 5e 15 b3 00 eb 0e
0x0000000102203394:   83 f8 04 73 0f 48 98 48 8d 0d 6e 15 b3 00 48 8b
0x00000001022033a4:   04 c1 eb 21 48 8d 3d fc 77 a7 00 48 8d 15 25 78
0x00000001022033b4:   a7 00 be e8 00 00 00 31 c0 e8 9e b3 2f 00 e8 49
0x00000001022033c4:   4a 82 00 31 c0 48 89 05 50 5b bd 00 48 89 df 48
0x00000001022033d4:   83 c4 08 5b 5d ff e0 0f 1f 44 00 00 55 48 89 e5
0x00000001022033e4:   48 8b 07 5d c3 0f 1f 80 00 00 00 00 55 48 89 e5
0x00000001022033f4:   48 8b 07 5d c3 0f 1f 80 00 00 00 00 55 48 89 e5
0x0000000102203404:   48 8b 07 5d c3 0f 1f 80 00 00 00 00 55 48 89 e5
0x0000000102203414:   41 57 41 56 53 50 49 89 fe 49 8b 1e 4c 8d 3d 11
0x0000000102203424:   b2 c6 00 49 85 1f 74 3c 48 89 df e8 cc 15 a4 00
0x0000000102203434:   48 89 c1 48 85 c9 74 29 48 89 d8 f0 49 0f b1 0e
0x0000000102203444:   48 89 c2 48 39 da 74 19 0f 1f 40 00 49 85 17 74
0x0000000102203454:   10 48 89 d0 f0 49 0f b1 0e 48 39 d0 48 89 c2 75
0x0000000102203464:   eb 48 89 cb 48 89 d8 48 83 c4 08 5b 41 5e 41 5f
0x0000000102203474:   5d c3 66 2e 0f 1f 84 00 00 00 00 00 55 48 89 e5
0x0000000102203484:   48 8b 07 5d c3 0f 1f 80 00 00 00 00 55 48 89 e5
0x0000000102203494:   48 8b 07 5d c3 0f 1f 80 00 00 00 00 55 48 89 e5
0x00000001022034a4:   48 8b 07 5d c3 0f 1f 80 00 00 00 00 55 48 89 e5
0x00000001022034b4:   41 57 41 56 53 50 49 89 fe 49 8b 1e 4c 8d 3d 71
0x00000001022034c4:   b1 c6 00 49 85 1f 74 3c 48 89 df e8 2c 15 a4 00
0x00000001022034d4:   48 89 c1 48 85 c9 74 29 48 89 d8 f0 49 0f b1 0e
0x00000001022034e4:   48 89 c2 48 39 da 74 19 0f 1f 40 00 49 85 17 74
0x00000001022034f4:   10 48 89 d0 f0 49 0f b1 0e 48 39 d0 48 89 c2 75 


Stack slot to memory mapping:
stack at sp + 0 slots: 0x0000700009a39e80 is pointing into the stack for thread: 0x00007fda1200b800
stack at sp + 1 slots: 0x00000001027169d1: jni_GetStringUTFChars+0xd1 in /Users/mulie/Library/Java/JavaVirtualMachines/openjdk-15/Contents/Home/lib/server/libjvm.dylib at 0x0000000102200000
stack at sp + 2 slots: 0x00007fda1200b800 is a thread
stack at sp + 3 slots: 0x0 is NULL
stack at sp + 4 slots: 0x0000000101081b92: JLI_WildcardExpandClasspath+0x2282 in /Users/mulie/Library/Java/JavaVirtualMachines/openjdk-15/Contents/Home/lib/libjli.dylib at 0x0000000101076000
stack at sp + 5 slots: 0x00007fda1200b800 is a thread
stack at sp + 6 slots: 0xb9bed337589e0042 is an unknown value
stack at sp + 7 slots: 0x00007fda1200bb28 points into unknown readable memory: 0x0000000102ddc760 | 60 c7 dd 02 01 00 00 00


---------------  P R O C E S S  ---------------

Threads class SMR info:
_java_thread_list=0x00007fda13935eb0, length=10, elements={
0x00007fda1200b800, 0x00007fda11808200, 0x00007fda11808c00, 0x00007fda16808800,
0x00007fda1184c000, 0x00007fda1184e800, 0x00007fda1184ee00, 0x00007fda1184f400,
0x00007fda1184fa00, 0x00007fda1188be00
}

Java Threads: ( => current thread )
=>0x00007fda1200b800 JavaThread "main" [_thread_in_vm, id=6147, stack(0x000070000993a000,0x0000700009a3a000)]
  0x00007fda11808200 JavaThread "Reference Handler" daemon [_thread_blocked, id=17155, stack(0x000070000a04f000,0x000070000a14f000)]
  0x00007fda11808c00 JavaThread "Finalizer" daemon [_thread_blocked, id=16131, stack(0x000070000a152000,0x000070000a252000)]
  0x00007fda16808800 JavaThread "Signal Dispatcher" daemon [_thread_blocked, id=41987, stack(0x000070000a35b000,0x000070000a45b000)]
  0x00007fda1184c000 JavaThread "Service Thread" daemon [_thread_blocked, id=22531, stack(0x000070000a45e000,0x000070000a55e000)]
  0x00007fda1184e800 JavaThread "C2 CompilerThread0" daemon [_thread_blocked, id=23043, stack(0x000070000a561000,0x000070000a661000)]
  0x00007fda1184ee00 JavaThread "C1 CompilerThread0" daemon [_thread_blocked, id=40195, stack(0x000070000a664000,0x000070000a764000)]
  0x00007fda1184f400 JavaThread "Sweeper thread" daemon [_thread_blocked, id=39427, stack(0x000070000a767000,0x000070000a867000)]
  0x00007fda1184fa00 JavaThread "Notification Thread" daemon [_thread_blocked, id=38915, stack(0x000070000a86a000,0x000070000a96a000)]
  0x00007fda1188be00 JavaThread "Common-Cleaner" daemon [_thread_blocked, id=38147, stack(0x000070000aa70000,0x000070000ab70000)]

Other Threads:
  0x00007fda13913420 VMThread "VM Thread" [stack: 0x0000700009f4c000,0x000070000a04c000] [id=17923]
  0x00007fda11511980 WatcherThread [stack: 0x000070000a96d000,0x000070000aa6d000] [id=38659]
  0x00007fda11421850 GCTaskThread "GC Thread#0" [stack: 0x0000700009a3d000,0x0000700009b3d000] [id=19715]
  0x00007fda13905380 ConcurrentGCThread "G1 Main Marker" [stack: 0x0000700009b40000,0x0000700009c40000] [id=19459]
  0x00007fda13906380 ConcurrentGCThread "G1 Conc#0" [stack: 0x0000700009c43000,0x0000700009d43000] [id=13059]
  0x00007fda11625010 ConcurrentGCThread "G1 Refine#0" [stack: 0x0000700009d46000,0x0000700009e46000] [id=18691]
  0x00007fda13909770 ConcurrentGCThread "G1 Young RemSet Sampling" [stack: 0x0000700009e49000,0x0000700009f49000] [id=18179]

Threads with active compile tasks:

VM state: not at safepoint (normal execution)

VM Mutex/Monitor currently owned by a thread: None

Heap address: 0x0000000780000000, size: 2048 MB, Compressed Oops mode: Zero based, Oop shift amount: 3
CDS archive(s) mapped at: [0x0000000800000000-0x0000000800b2a000-0x0000000800b2a000), size 11706368, SharedBaseAddress: 0x0000000800000000, ArchiveRelocationMode: 0.
Compressed class space mapped at: 0x0000000800b2c000-0x0000000840b2c000, size: 1073741824
Narrow klass base: 0x0000000800000000, Narrow klass shift: 3, Narrow klass range: 0x100000000

GC Precious Log:
 CPUs: 8 total, 8 available
 Memory: 8192M
 Large Page Support: Disabled
 NUMA Support: Disabled
 Compressed Oops: Enabled (Zero based)
 Heap Region Size: 1M
 Heap Min Capacity: 8M
 Heap Initial Capacity: 128M
 Heap Max Capacity: 2G
 Pre-touch: Disabled
 Parallel Workers: 8
 Concurrent Workers: 2
 Concurrent Refinement Workers: 8
 Periodic GC: Disabled

Heap:
 garbage-first heap   total 133120K, used 1832K [0x0000000780000000, 0x0000000800000000)
  region size 1024K, 2 young (2048K), 0 survivors (0K)
 Metaspace       used 592K, capacity 4928K, committed 5120K, reserved 1056768K
  class space    used 43K, capacity 428K, committed 512K, reserved 1048576K

Heap Regions: E=young(eden), S=young(survivor), O=old, HS=humongous(starts), HC=humongous(continues), CS=collection set, F=free, OA=open archive, CA=closed archive, TAMS=top-at-mark-start (previous, next)
|   0|0x0000000780000000, 0x0000000780000000, 0x0000000780100000|  0%| F|  |TAMS 0x0000000780000000, 0x0000000780000000| Untracked 
|   1|0x0000000780100000, 0x0000000780100000, 0x0000000780200000|  0%| F|  |TAMS 0x0000000780100000, 0x0000000780100000| Untracked 
|   2|0x0000000780200000, 0x0000000780200000, 0x0000000780300000|  0%| F|  |TAMS 0x0000000780200000, 0x0000000780200000| Untracked 
|   3|0x0000000780300000, 0x0000000780300000, 0x0000000780400000|  0%| F|  |TAMS 0x0000000780300000, 0x0000000780300000| Untracked 
|   4|0x0000000780400000, 0x0000000780400000, 0x0000000780500000|  0%| F|  |TAMS 0x0000000780400000, 0x0000000780400000| Untracked 
|   5|0x0000000780500000, 0x0000000780500000, 0x0000000780600000|  0%| F|  |TAMS 0x0000000780500000, 0x0000000780500000| Untracked 
|   6|0x0000000780600000, 0x0000000780600000, 0x0000000780700000|  0%| F|  |TAMS 0x0000000780600000, 0x0000000780600000| Untracked 
|   7|0x0000000780700000, 0x0000000780700000, 0x0000000780800000|  0%| F|  |TAMS 0x0000000780700000, 0x0000000780700000| Untracked 
|   8|0x0000000780800000, 0x0000000780800000, 0x0000000780900000|  0%| F|  |TAMS 0x0000000780800000, 0x0000000780800000| Untracked 
|   9|0x0000000780900000, 0x0000000780900000, 0x0000000780a00000|  0%| F|  |TAMS 0x0000000780900000, 0x0000000780900000| Untracked 
|  10|0x0000000780a00000, 0x0000000780a00000, 0x0000000780b00000|  0%| F|  |TAMS 0x0000000780a00000, 0x0000000780a00000| Untracked 
|  11|0x0000000780b00000, 0x0000000780b00000, 0x0000000780c00000|  0%| F|  |TAMS 0x0000000780b00000, 0x0000000780b00000| Untracked 
|  12|0x0000000780c00000, 0x0000000780c00000, 0x0000000780d00000|  0%| F|  |TAMS 0x0000000780c00000, 0x0000000780c00000| Untracked 
|  13|0x0000000780d00000, 0x0000000780d00000, 0x0000000780e00000|  0%| F|  |TAMS 0x0000000780d00000, 0x0000000780d00000| Untracked 
|  14|0x0000000780e00000, 0x0000000780e00000, 0x0000000780f00000|  0%| F|  |TAMS 0x0000000780e00000, 0x0000000780e00000| Untracked 
|  15|0x0000000780f00000, 0x0000000780f00000, 0x0000000781000000|  0%| F|  |TAMS 0x0000000780f00000, 0x0000000780f00000| Untracked 
|  16|0x0000000781000000, 0x0000000781000000, 0x0000000781100000|  0%| F|  |TAMS 0x0000000781000000, 0x0000000781000000| Untracked 
|  17|0x0000000781100000, 0x0000000781100000, 0x0000000781200000|  0%| F|  |TAMS 0x0000000781100000, 0x0000000781100000| Untracked 
|  18|0x0000000781200000, 0x0000000781200000, 0x0000000781300000|  0%| F|  |TAMS 0x0000000781200000, 0x0000000781200000| Untracked 
|  19|0x0000000781300000, 0x0000000781300000, 0x0000000781400000|  0%| F|  |TAMS 0x0000000781300000, 0x0000000781300000| Untracked 
|  20|0x0000000781400000, 0x0000000781400000, 0x0000000781500000|  0%| F|  |TAMS 0x0000000781400000, 0x0000000781400000| Untracked 
|  21|0x0000000781500000, 0x0000000781500000, 0x0000000781600000|  0%| F|  |TAMS 0x0000000781500000, 0x0000000781500000| Untracked 
|  22|0x0000000781600000, 0x0000000781600000, 0x0000000781700000|  0%| F|  |TAMS 0x0000000781600000, 0x0000000781600000| Untracked 
|  23|0x0000000781700000, 0x0000000781700000, 0x0000000781800000|  0%| F|  |TAMS 0x0000000781700000, 0x0000000781700000| Untracked 
|  24|0x0000000781800000, 0x0000000781800000, 0x0000000781900000|  0%| F|  |TAMS 0x0000000781800000, 0x0000000781800000| Untracked 
|  25|0x0000000781900000, 0x0000000781900000, 0x0000000781a00000|  0%| F|  |TAMS 0x0000000781900000, 0x0000000781900000| Untracked 
|  26|0x0000000781a00000, 0x0000000781a00000, 0x0000000781b00000|  0%| F|  |TAMS 0x0000000781a00000, 0x0000000781a00000| Untracked 
|  27|0x0000000781b00000, 0x0000000781b00000, 0x0000000781c00000|  0%| F|  |TAMS 0x0000000781b00000, 0x0000000781b00000| Untracked 
|  28|0x0000000781c00000, 0x0000000781c00000, 0x0000000781d00000|  0%| F|  |TAMS 0x0000000781c00000, 0x0000000781c00000| Untracked 
|  29|0x0000000781d00000, 0x0000000781d00000, 0x0000000781e00000|  0%| F|  |TAMS 0x0000000781d00000, 0x0000000781d00000| Untracked 
|  30|0x0000000781e00000, 0x0000000781e00000, 0x0000000781f00000|  0%| F|  |TAMS 0x0000000781e00000, 0x0000000781e00000| Untracked 
|  31|0x0000000781f00000, 0x0000000781f00000, 0x0000000782000000|  0%| F|  |TAMS 0x0000000781f00000, 0x0000000781f00000| Untracked 
|  32|0x0000000782000000, 0x0000000782000000, 0x0000000782100000|  0%| F|  |TAMS 0x0000000782000000, 0x0000000782000000| Untracked 
|  33|0x0000000782100000, 0x0000000782100000, 0x0000000782200000|  0%| F|  |TAMS 0x0000000782100000, 0x0000000782100000| Untracked 
|  34|0x0000000782200000, 0x0000000782200000, 0x0000000782300000|  0%| F|  |TAMS 0x0000000782200000, 0x0000000782200000| Untracked 
|  35|0x0000000782300000, 0x0000000782300000, 0x0000000782400000|  0%| F|  |TAMS 0x0000000782300000, 0x0000000782300000| Untracked 
|  36|0x0000000782400000, 0x0000000782400000, 0x0000000782500000|  0%| F|  |TAMS 0x0000000782400000, 0x0000000782400000| Untracked 
|  37|0x0000000782500000, 0x0000000782500000, 0x0000000782600000|  0%| F|  |TAMS 0x0000000782500000, 0x0000000782500000| Untracked 
|  38|0x0000000782600000, 0x0000000782600000, 0x0000000782700000|  0%| F|  |TAMS 0x0000000782600000, 0x0000000782600000| Untracked 
|  39|0x0000000782700000, 0x0000000782700000, 0x0000000782800000|  0%| F|  |TAMS 0x0000000782700000, 0x0000000782700000| Untracked 
|  40|0x0000000782800000, 0x0000000782800000, 0x0000000782900000|  0%| F|  |TAMS 0x0000000782800000, 0x0000000782800000| Untracked 
|  41|0x0000000782900000, 0x0000000782900000, 0x0000000782a00000|  0%| F|  |TAMS 0x0000000782900000, 0x0000000782900000| Untracked 
|  42|0x0000000782a00000, 0x0000000782a00000, 0x0000000782b00000|  0%| F|  |TAMS 0x0000000782a00000, 0x0000000782a00000| Untracked 
|  43|0x0000000782b00000, 0x0000000782b00000, 0x0000000782c00000|  0%| F|  |TAMS 0x0000000782b00000, 0x0000000782b00000| Untracked 
|  44|0x0000000782c00000, 0x0000000782c00000, 0x0000000782d00000|  0%| F|  |TAMS 0x0000000782c00000, 0x0000000782c00000| Untracked 
|  45|0x0000000782d00000, 0x0000000782d00000, 0x0000000782e00000|  0%| F|  |TAMS 0x0000000782d00000, 0x0000000782d00000| Untracked 
|  46|0x0000000782e00000, 0x0000000782e00000, 0x0000000782f00000|  0%| F|  |TAMS 0x0000000782e00000, 0x0000000782e00000| Untracked 
|  47|0x0000000782f00000, 0x0000000782f00000, 0x0000000783000000|  0%| F|  |TAMS 0x0000000782f00000, 0x0000000782f00000| Untracked 
|  48|0x0000000783000000, 0x0000000783000000, 0x0000000783100000|  0%| F|  |TAMS 0x0000000783000000, 0x0000000783000000| Untracked 
|  49|0x0000000783100000, 0x0000000783100000, 0x0000000783200000|  0%| F|  |TAMS 0x0000000783100000, 0x0000000783100000| Untracked 
|  50|0x0000000783200000, 0x0000000783200000, 0x0000000783300000|  0%| F|  |TAMS 0x0000000783200000, 0x0000000783200000| Untracked 
|  51|0x0000000783300000, 0x0000000783300000, 0x0000000783400000|  0%| F|  |TAMS 0x0000000783300000, 0x0000000783300000| Untracked 
|  52|0x0000000783400000, 0x0000000783400000, 0x0000000783500000|  0%| F|  |TAMS 0x0000000783400000, 0x0000000783400000| Untracked 
|  53|0x0000000783500000, 0x0000000783500000, 0x0000000783600000|  0%| F|  |TAMS 0x0000000783500000, 0x0000000783500000| Untracked 
|  54|0x0000000783600000, 0x0000000783600000, 0x0000000783700000|  0%| F|  |TAMS 0x0000000783600000, 0x0000000783600000| Untracked 
|  55|0x0000000783700000, 0x0000000783700000, 0x0000000783800000|  0%| F|  |TAMS 0x0000000783700000, 0x0000000783700000| Untracked 
|  56|0x0000000783800000, 0x0000000783800000, 0x0000000783900000|  0%| F|  |TAMS 0x0000000783800000, 0x0000000783800000| Untracked 
|  57|0x0000000783900000, 0x0000000783900000, 0x0000000783a00000|  0%| F|  |TAMS 0x0000000783900000, 0x0000000783900000| Untracked 
|  58|0x0000000783a00000, 0x0000000783a00000, 0x0000000783b00000|  0%| F|  |TAMS 0x0000000783a00000, 0x0000000783a00000| Untracked 
|  59|0x0000000783b00000, 0x0000000783b00000, 0x0000000783c00000|  0%| F|  |TAMS 0x0000000783b00000, 0x0000000783b00000| Untracked 
|  60|0x0000000783c00000, 0x0000000783c00000, 0x0000000783d00000|  0%| F|  |TAMS 0x0000000783c00000, 0x0000000783c00000| Untracked 
|  61|0x0000000783d00000, 0x0000000783d00000, 0x0000000783e00000|  0%| F|  |TAMS 0x0000000783d00000, 0x0000000783d00000| Untracked 
|  62|0x0000000783e00000, 0x0000000783e00000, 0x0000000783f00000|  0%| F|  |TAMS 0x0000000783e00000, 0x0000000783e00000| Untracked 
|  63|0x0000000783f00000, 0x0000000783f00000, 0x0000000784000000|  0%| F|  |TAMS 0x0000000783f00000, 0x0000000783f00000| Untracked 
|  64|0x0000000784000000, 0x0000000784000000, 0x0000000784100000|  0%| F|  |TAMS 0x0000000784000000, 0x0000000784000000| Untracked 
|  65|0x0000000784100000, 0x0000000784100000, 0x0000000784200000|  0%| F|  |TAMS 0x0000000784100000, 0x0000000784100000| Untracked 
|  66|0x0000000784200000, 0x0000000784200000, 0x0000000784300000|  0%| F|  |TAMS 0x0000000784200000, 0x0000000784200000| Untracked 
|  67|0x0000000784300000, 0x0000000784300000, 0x0000000784400000|  0%| F|  |TAMS 0x0000000784300000, 0x0000000784300000| Untracked 
|  68|0x0000000784400000, 0x0000000784400000, 0x0000000784500000|  0%| F|  |TAMS 0x0000000784400000, 0x0000000784400000| Untracked 
|  69|0x0000000784500000, 0x0000000784500000, 0x0000000784600000|  0%| F|  |TAMS 0x0000000784500000, 0x0000000784500000| Untracked 
|  70|0x0000000784600000, 0x0000000784600000, 0x0000000784700000|  0%| F|  |TAMS 0x0000000784600000, 0x0000000784600000| Untracked 
|  71|0x0000000784700000, 0x0000000784700000, 0x0000000784800000|  0%| F|  |TAMS 0x0000000784700000, 0x0000000784700000| Untracked 
|  72|0x0000000784800000, 0x0000000784800000, 0x0000000784900000|  0%| F|  |TAMS 0x0000000784800000, 0x0000000784800000| Untracked 
|  73|0x0000000784900000, 0x0000000784900000, 0x0000000784a00000|  0%| F|  |TAMS 0x0000000784900000, 0x0000000784900000| Untracked 
|  74|0x0000000784a00000, 0x0000000784a00000, 0x0000000784b00000|  0%| F|  |TAMS 0x0000000784a00000, 0x0000000784a00000| Untracked 
|  75|0x0000000784b00000, 0x0000000784b00000, 0x0000000784c00000|  0%| F|  |TAMS 0x0000000784b00000, 0x0000000784b00000| Untracked 
|  76|0x0000000784c00000, 0x0000000784c00000, 0x0000000784d00000|  0%| F|  |TAMS 0x0000000784c00000, 0x0000000784c00000| Untracked 
|  77|0x0000000784d00000, 0x0000000784d00000, 0x0000000784e00000|  0%| F|  |TAMS 0x0000000784d00000, 0x0000000784d00000| Untracked 
|  78|0x0000000784e00000, 0x0000000784e00000, 0x0000000784f00000|  0%| F|  |TAMS 0x0000000784e00000, 0x0000000784e00000| Untracked 
|  79|0x0000000784f00000, 0x0000000784f00000, 0x0000000785000000|  0%| F|  |TAMS 0x0000000784f00000, 0x0000000784f00000| Untracked 
|  80|0x0000000785000000, 0x0000000785000000, 0x0000000785100000|  0%| F|  |TAMS 0x0000000785000000, 0x0000000785000000| Untracked 
|  81|0x0000000785100000, 0x0000000785100000, 0x0000000785200000|  0%| F|  |TAMS 0x0000000785100000, 0x0000000785100000| Untracked 
|  82|0x0000000785200000, 0x0000000785200000, 0x0000000785300000|  0%| F|  |TAMS 0x0000000785200000, 0x0000000785200000| Untracked 
|  83|0x0000000785300000, 0x0000000785300000, 0x0000000785400000|  0%| F|  |TAMS 0x0000000785300000, 0x0000000785300000| Untracked 
|  84|0x0000000785400000, 0x0000000785400000, 0x0000000785500000|  0%| F|  |TAMS 0x0000000785400000, 0x0000000785400000| Untracked 
|  85|0x0000000785500000, 0x0000000785500000, 0x0000000785600000|  0%| F|  |TAMS 0x0000000785500000, 0x0000000785500000| Untracked 
|  86|0x0000000785600000, 0x0000000785600000, 0x0000000785700000|  0%| F|  |TAMS 0x0000000785600000, 0x0000000785600000| Untracked 
|  87|0x0000000785700000, 0x0000000785700000, 0x0000000785800000|  0%| F|  |TAMS 0x0000000785700000, 0x0000000785700000| Untracked 
|  88|0x0000000785800000, 0x0000000785800000, 0x0000000785900000|  0%| F|  |TAMS 0x0000000785800000, 0x0000000785800000| Untracked 
|  89|0x0000000785900000, 0x0000000785900000, 0x0000000785a00000|  0%| F|  |TAMS 0x0000000785900000, 0x0000000785900000| Untracked 
|  90|0x0000000785a00000, 0x0000000785a00000, 0x0000000785b00000|  0%| F|  |TAMS 0x0000000785a00000, 0x0000000785a00000| Untracked 
|  91|0x0000000785b00000, 0x0000000785b00000, 0x0000000785c00000|  0%| F|  |TAMS 0x0000000785b00000, 0x0000000785b00000| Untracked 
|  92|0x0000000785c00000, 0x0000000785c00000, 0x0000000785d00000|  0%| F|  |TAMS 0x0000000785c00000, 0x0000000785c00000| Untracked 
|  93|0x0000000785d00000, 0x0000000785d00000, 0x0000000785e00000|  0%| F|  |TAMS 0x0000000785d00000, 0x0000000785d00000| Untracked 
|  94|0x0000000785e00000, 0x0000000785e00000, 0x0000000785f00000|  0%| F|  |TAMS 0x0000000785e00000, 0x0000000785e00000| Untracked 
|  95|0x0000000785f00000, 0x0000000785f00000, 0x0000000786000000|  0%| F|  |TAMS 0x0000000785f00000, 0x0000000785f00000| Untracked 
|  96|0x0000000786000000, 0x0000000786000000, 0x0000000786100000|  0%| F|  |TAMS 0x0000000786000000, 0x0000000786000000| Untracked 
|  97|0x0000000786100000, 0x0000000786100000, 0x0000000786200000|  0%| F|  |TAMS 0x0000000786100000, 0x0000000786100000| Untracked 
|  98|0x0000000786200000, 0x0000000786200000, 0x0000000786300000|  0%| F|  |TAMS 0x0000000786200000, 0x0000000786200000| Untracked 
|  99|0x0000000786300000, 0x0000000786300000, 0x0000000786400000|  0%| F|  |TAMS 0x0000000786300000, 0x0000000786300000| Untracked 
| 100|0x0000000786400000, 0x0000000786400000, 0x0000000786500000|  0%| F|  |TAMS 0x0000000786400000, 0x0000000786400000| Untracked 
| 101|0x0000000786500000, 0x0000000786500000, 0x0000000786600000|  0%| F|  |TAMS 0x0000000786500000, 0x0000000786500000| Untracked 
| 102|0x0000000786600000, 0x0000000786600000, 0x0000000786700000|  0%| F|  |TAMS 0x0000000786600000, 0x0000000786600000| Untracked 
| 103|0x0000000786700000, 0x0000000786700000, 0x0000000786800000|  0%| F|  |TAMS 0x0000000786700000, 0x0000000786700000| Untracked 
| 104|0x0000000786800000, 0x0000000786800000, 0x0000000786900000|  0%| F|  |TAMS 0x0000000786800000, 0x0000000786800000| Untracked 
| 105|0x0000000786900000, 0x0000000786900000, 0x0000000786a00000|  0%| F|  |TAMS 0x0000000786900000, 0x0000000786900000| Untracked 
| 106|0x0000000786a00000, 0x0000000786a00000, 0x0000000786b00000|  0%| F|  |TAMS 0x0000000786a00000, 0x0000000786a00000| Untracked 
| 107|0x0000000786b00000, 0x0000000786b00000, 0x0000000786c00000|  0%| F|  |TAMS 0x0000000786b00000, 0x0000000786b00000| Untracked 
| 108|0x0000000786c00000, 0x0000000786c00000, 0x0000000786d00000|  0%| F|  |TAMS 0x0000000786c00000, 0x0000000786c00000| Untracked 
| 109|0x0000000786d00000, 0x0000000786d00000, 0x0000000786e00000|  0%| F|  |TAMS 0x0000000786d00000, 0x0000000786d00000| Untracked 
| 110|0x0000000786e00000, 0x0000000786e00000, 0x0000000786f00000|  0%| F|  |TAMS 0x0000000786e00000, 0x0000000786e00000| Untracked 
| 111|0x0000000786f00000, 0x0000000786f00000, 0x0000000787000000|  0%| F|  |TAMS 0x0000000786f00000, 0x0000000786f00000| Untracked 
| 112|0x0000000787000000, 0x0000000787000000, 0x0000000787100000|  0%| F|  |TAMS 0x0000000787000000, 0x0000000787000000| Untracked 
| 113|0x0000000787100000, 0x0000000787100000, 0x0000000787200000|  0%| F|  |TAMS 0x0000000787100000, 0x0000000787100000| Untracked 
| 114|0x0000000787200000, 0x0000000787200000, 0x0000000787300000|  0%| F|  |TAMS 0x0000000787200000, 0x0000000787200000| Untracked 
| 115|0x0000000787300000, 0x0000000787300000, 0x0000000787400000|  0%| F|  |TAMS 0x0000000787300000, 0x0000000787300000| Untracked 
| 116|0x0000000787400000, 0x0000000787400000, 0x0000000787500000|  0%| F|  |TAMS 0x0000000787400000, 0x0000000787400000| Untracked 
| 117|0x0000000787500000, 0x0000000787500000, 0x0000000787600000|  0%| F|  |TAMS 0x0000000787500000, 0x0000000787500000| Untracked 
| 118|0x0000000787600000, 0x0000000787600000, 0x0000000787700000|  0%| F|  |TAMS 0x0000000787600000, 0x0000000787600000| Untracked 
| 119|0x0000000787700000, 0x0000000787700000, 0x0000000787800000|  0%| F|  |TAMS 0x0000000787700000, 0x0000000787700000| Untracked 
| 120|0x0000000787800000, 0x0000000787800000, 0x0000000787900000|  0%| F|  |TAMS 0x0000000787800000, 0x0000000787800000| Untracked 
| 121|0x0000000787900000, 0x0000000787900000, 0x0000000787a00000|  0%| F|  |TAMS 0x0000000787900000, 0x0000000787900000| Untracked 
| 122|0x0000000787a00000, 0x0000000787a00000, 0x0000000787b00000|  0%| F|  |TAMS 0x0000000787a00000, 0x0000000787a00000| Untracked 
| 123|0x0000000787b00000, 0x0000000787b00000, 0x0000000787c00000|  0%| F|  |TAMS 0x0000000787b00000, 0x0000000787b00000| Untracked 
| 124|0x0000000787c00000, 0x0000000787c00000, 0x0000000787d00000|  0%| F|  |TAMS 0x0000000787c00000, 0x0000000787c00000| Untracked 
| 125|0x0000000787d00000, 0x0000000787d00000, 0x0000000787e00000|  0%| F|  |TAMS 0x0000000787d00000, 0x0000000787d00000| Untracked 
| 126|0x0000000787e00000, 0x0000000787f00000, 0x0000000787f00000|100%| E|  |TAMS 0x0000000787e00000, 0x0000000787e00000| Complete 
| 127|0x0000000787f00000, 0x0000000788000000, 0x0000000788000000|100%| E|CS|TAMS 0x0000000787f00000, 0x0000000787f00000| Complete 
|1022|0x00000007bfe00000, 0x00000007bfe51000, 0x00000007bff00000| 31%|OA|  |TAMS 0x00000007bfe00000, 0x00000007bfe00000| Untracked 
|1023|0x00000007bff00000, 0x00000007bff79000, 0x00000007c0000000| 47%|CA|  |TAMS 0x00000007bff00000, 0x00000007bff00000| Untracked 

Card table byte_map: [0x000000011abda000,0x000000011afda000] _byte_map_base: 0x0000000116fda000

Marking Bits (Prev, Next): (CMBitMap*) 0x00007fda14008210, (CMBitMap*) 0x00007fda14008250
 Prev Bits: [0x000000011b3da000, 0x000000011d3da000)
 Next Bits: [0x000000011d3da000, 0x000000011f3da000)

Polling page: 0x00000001010ac000

Metaspace:

Usage:
  Non-class:      4.39 MB capacity,   549.34 KB ( 12%) used,     3.86 MB ( 88%) free+waste,   768 bytes ( <1%) overhead. 
      Class:    428.00 KB capacity,    43.59 KB ( 10%) used,   383.91 KB ( 90%) free+waste,   512 bytes ( <1%) overhead. 
       Both:      4.81 MB capacity,   592.93 KB ( 12%) used,     4.23 MB ( 88%) free+waste,     1.25 KB ( <1%) overhead. 

Virtual space:
  Non-class space:        8.00 MB reserved,       4.50 MB ( 56%) committed 
      Class space:        1.00 GB reserved,     512.00 KB ( <1%) committed 
             Both:        1.01 GB reserved,       5.00 MB ( <1%) committed 

Chunk freelists:
   Non-Class:  60.00 KB
       Class:  4.00 KB
        Both:  64.00 KB

MaxMetaspaceSize: 17179869184.00 GB
CompressedClassSpaceSize: 1.00 GB

CodeHeap 'non-profiled nmethods': size=120028Kb used=26Kb max_used=26Kb free=120001Kb
 bounds [0x00000001132a3000, 0x0000000113513000, 0x000000011a7da000]
CodeHeap 'profiled nmethods': size=120028Kb used=151Kb max_used=151Kb free=119876Kb
 bounds [0x000000010bd6c000, 0x000000010bfdc000, 0x00000001132a3000]
CodeHeap 'non-nmethods': size=5704Kb used=1066Kb max_used=1080Kb free=4637Kb
 bounds [0x000000010b7da000, 0x000000010ba4a000, 0x000000010bd6c000]
 total_blobs=422 nmethods=125 adapters=211
 compilation: enabled
              stopped_count=0, restarted_count=0
 full_count=0

Compilation events (20 events):
Event: 0.086 Thread 0x00007fda1184ee00 nmethod 115 0x000000010bd8c190 code [0x000000010bd8c340, 0x000000010bd8c5d0]
Event: 0.086 Thread 0x00007fda1184ee00  116       3       java.util.zip.ZipFile$Source::getEntryNext (9 bytes)
Event: 0.086 Thread 0x00007fda1184ee00 nmethod 116 0x000000010bd8c690 code [0x000000010bd8c820, 0x000000010bd8c950]
Event: 0.086 Thread 0x00007fda1184ee00  117       1       java.net.URL::getFile (5 bytes)
Event: 0.086 Thread 0x00007fda1184ee00 nmethod 117 0x00000001132a9210 code [0x00000001132a93a0, 0x00000001132a9450]
Event: 0.087 Thread 0x00007fda1184ee00  118       3       java.lang.String::lastIndexOf (12 bytes)
Event: 0.087 Thread 0x00007fda1184ee00 nmethod 118 0x000000010bd8ca10 code [0x000000010bd8cbe0, 0x000000010bd8cfd0]
Event: 0.088 Thread 0x00007fda1184e800  119       4       java.lang.String::isLatin1 (19 bytes)
Event: 0.088 Thread 0x00007fda1184ee00  120       3       java.util.ArrayList::get (15 bytes)
Event: 0.088 Thread 0x00007fda1184e800 nmethod 119 0x00000001132a9510 code [0x00000001132a9680, 0x00000001132a96f8]
Event: 0.088 Thread 0x00007fda1184ee00 nmethod 120 0x000000010bd8d190 code [0x000000010bd8d360, 0x000000010bd8d680]
Event: 0.088 Thread 0x00007fda1184ee00  121       3       java.util.Objects::checkIndex (7 bytes)
Event: 0.088 Thread 0x00007fda1184e800  123       4       java.lang.String::coder (15 bytes)
Event: 0.088 Thread 0x00007fda1184ee00 nmethod 121 0x000000010bd8d810 code [0x000000010bd8d9c0, 0x000000010bd8dbc0]
Event: 0.089 Thread 0x00007fda1184ee00  124   !   3       java.util.zip.ZipFile$Source::getEntryPos (174 bytes)
Event: 0.089 Thread 0x00007fda1184e800 nmethod 123 0x00000001132a9810 code [0x00000001132a9980, 0x00000001132a99f8]
Event: 0.090 Thread 0x00007fda1184ee00 nmethod 124 0x000000010bd8dd10 code [0x000000010bd8e000, 0x000000010bd8f080]
Event: 0.090 Thread 0x00007fda1184ee00  122   !   3       java.util.jar.JarFile::checkForSpecialAttributes (163 bytes)
Event: 0.091 Thread 0x00007fda1184ee00 nmethod 122 0x000000010bd8fa90 code [0x000000010bd8fda0, 0x000000010bd90f80]
Event: 0.091 Thread 0x00007fda1184ee00  125       3       java.lang.String::endsWith (15 bytes)

GC Heap History (0 events):
No events

Deoptimization events (0 events):
No events

Classes unloaded (0 events):
No events

Classes redefined (0 events):
No events

Internal exceptions (0 events):
No events

Events (20 events):
Event: 0.073 loading class java/lang/IllegalStateException done
Event: 0.073 loading class jdk/internal/module/ModulePatcher$PatchedModuleReader
Event: 0.073 loading class jdk/internal/module/ModulePatcher$PatchedModuleReader done
Event: 0.074 Loaded shared library /Users/mulie/Library/Java/JavaVirtualMachines/openjdk-15/Contents/Home/lib/libjimage.dylib
Event: 0.075 loading class sun/net/www/protocol/jrt/Handler
Event: 0.075 loading class sun/net/www/protocol/jrt/Handler done
Event: 0.076 loading class java/lang/InstantiationException
Event: 0.076 loading class java/lang/InstantiationException done
Event: 0.076 loading class java/lang/IllegalAccessException
Event: 0.076 loading class java/lang/IllegalAccessException done
Event: 0.077 loading class java/beans/PropertyChangeListener
Event: 0.077 loading class java/util/EventListener
Event: 0.077 loading class java/util/EventListener done
Event: 0.077 loading class java/beans/PropertyChangeListener done
Event: 0.077 loading class java/security/cert/X509Certificate
Event: 0.077 loading class java/security/cert/X509Extension
Event: 0.078 loading class java/security/cert/X509Extension done
Event: 0.078 loading class java/security/cert/X509Certificate done
Event: 0.091 loading class java/lang/Class$EnclosingMethodInfo
Event: 0.091 loading class java/lang/Class$EnclosingMethodInfo done


Dynamic libraries:
0x00007fff6f96d000 	/usr/lib/libz.1.dylib
0x0000000101076000 	/Users/mulie/Library/Java/JavaVirtualMachines/openjdk-15/Contents/Home/lib/libjli.dylib
0x00007fff35650000 	/System/Library/Frameworks/Cocoa.framework/Versions/A/Cocoa
0x00007fff42e49000 	/System/Library/Frameworks/Security.framework/Versions/A/Security
0x00007fff345b5000 	/System/Library/Frameworks/ApplicationServices.framework/Versions/A/ApplicationServices
0x00007fff6d431000 	/usr/lib/libSystem.B.dylib
0x00007fff7022e000 	/usr/lib/system/libcache.dylib
0x00007fff70234000 	/usr/lib/system/libcommonCrypto.dylib
0x00007fff70240000 	/usr/lib/system/libcompiler_rt.dylib
0x00007fff70248000 	/usr/lib/system/libcopyfile.dylib
0x00007fff70252000 	/usr/lib/system/libcorecrypto.dylib
0x00007fff703f1000 	/usr/lib/system/libdispatch.dylib
0x00007fff70432000 	/usr/lib/system/libdyld.dylib
0x00007fff70469000 	/usr/lib/system/libkeymgr.dylib
0x00007fff70477000 	/usr/lib/system/liblaunch.dylib
0x00007fff70478000 	/usr/lib/system/libmacho.dylib
0x00007fff7047e000 	/usr/lib/system/libquarantine.dylib
0x00007fff70481000 	/usr/lib/system/libremovefile.dylib
0x00007fff70483000 	/usr/lib/system/libsystem_asl.dylib
0x00007fff7049b000 	/usr/lib/system/libsystem_blocks.dylib
0x00007fff7049c000 	/usr/lib/system/libsystem_c.dylib
0x00007fff70524000 	/usr/lib/system/libsystem_configuration.dylib
0x00007fff70528000 	/usr/lib/system/libsystem_coreservices.dylib
0x00007fff7052c000 	/usr/lib/system/libsystem_darwin.dylib
0x00007fff70535000 	/usr/lib/system/libsystem_dnssd.dylib
0x00007fff7053d000 	/usr/lib/system/libsystem_featureflags.dylib
0x00007fff7053f000 	/usr/lib/system/libsystem_info.dylib
0x00007fff705ba000 	/usr/lib/system/libsystem_m.dylib
0x00007fff70602000 	/usr/lib/system/libsystem_malloc.dylib
0x00007fff7062a000 	/usr/lib/system/libsystem_networkextension.dylib
0x00007fff70638000 	/usr/lib/system/libsystem_notify.dylib
0x00007fff70656000 	/usr/lib/system/libsystem_sandbox.dylib
0x00007fff7065b000 	/usr/lib/system/libsystem_secinit.dylib
0x00007fff7058d000 	/usr/lib/system/libsystem_kernel.dylib
0x00007fff70642000 	/usr/lib/system/libsystem_platform.dylib
0x00007fff7064b000 	/usr/lib/system/libsystem_pthread.dylib
0x00007fff7065e000 	/usr/lib/system/libsystem_symptoms.dylib
0x00007fff70666000 	/usr/lib/system/libsystem_trace.dylib
0x00007fff7067e000 	/usr/lib/system/libunwind.dylib
0x00007fff70684000 	/usr/lib/system/libxpc.dylib
0x00007fff6f291000 	/usr/lib/libobjc.A.dylib
0x00007fff6d76a000 	/usr/lib/libc++abi.dylib
0x00007fff6d717000 	/usr/lib/libc++.1.dylib
0x00007fff364f2000 	/System/Library/Frameworks/CoreFoundation.framework/Versions/A/CoreFoundation
0x00007fff38baf000 	/System/Library/Frameworks/Foundation.framework/Versions/C/Foundation
0x00007fff337a5000 	/System/Library/Frameworks/AppKit.framework/Versions/C/AppKit
0x00007fff35fd4000 	/System/Library/Frameworks/CoreData.framework/Versions/A/CoreData
0x00007fff67446000 	/System/Library/PrivateFrameworks/UIFoundation.framework/Versions/A/UIFoundation
0x00007fff624da000 	/System/Library/PrivateFrameworks/RemoteViewServices.framework/Versions/A/RemoteViewServices
0x00007fff69fa1000 	/System/Library/PrivateFrameworks/XCTTargetBootstrap.framework/Versions/A/XCTTargetBootstrap
0x00007fff363bf000 	/System/Library/Frameworks/CoreDisplay.framework/Versions/A/CoreDisplay
0x00007fff3ba6a000 	/System/Library/Frameworks/Metal.framework/Versions/A/Metal
0x00007fff504dd000 	/System/Library/PrivateFrameworks/DesktopServicesPriv.framework/Versions/A/DesktopServicesPriv
0x00007fff6e56c000 	/usr/lib/liblangid.dylib
0x00007fff4f772000 	/System/Library/PrivateFrameworks/CoreSVG.framework/Versions/A/CoreSVG
0x00007fff65636000 	/System/Library/PrivateFrameworks/SkyLight.framework/Versions/A/SkyLight
0x00007fff36973000 	/System/Library/Frameworks/CoreGraphics.framework/Versions/A/CoreGraphics
0x00007fff32179000 	/System/Library/Frameworks/Accelerate.framework/Versions/A/Accelerate
0x00007fff6f85e000 	/usr/lib/libxml2.2.dylib
0x00007fff5b465000 	/System/Library/PrivateFrameworks/IconServices.framework/Versions/A/IconServices
0x00007fff3938e000 	/System/Library/Frameworks/IOSurface.framework/Versions/A/IOSurface
0x00007fff6cf5b000 	/usr/lib/libDiagnosticMessagesClient.dylib
0x00007fff50337000 	/System/Library/PrivateFrameworks/DFRFoundation.framework/Versions/A/DFRFoundation
0x00007fff6e2fb000 	/usr/lib/libicucore.A.dylib
0x00007fff348e7000 	/System/Library/Frameworks/AudioToolbox.framework/Versions/A/AudioToolbox
0x00007fff349ca000 	/System/Library/Frameworks/AudioUnit.framework/Versions/A/AudioUnit
0x00007fff6d633000 	/usr/lib/libauto.dylib
0x00007fff503d9000 	/System/Library/PrivateFrameworks/DataDetectorsCore.framework/Versions/A/DataDetectorsCore
0x00007fff35171000 	/System/Library/Frameworks/Carbon.framework/Versions/A/Frameworks/HIToolbox.framework/Versions/A/HIToolbox
0x00007fff42043000 	/System/Library/Frameworks/QuartzCore.framework/Versions/A/QuartzCore
0x00007fff354b0000 	/System/Library/Frameworks/Carbon.framework/Versions/A/Frameworks/SpeechRecognition.framework/Versions/A/SpeechRecognition
0x00007fff4fe4b000 	/System/Library/PrivateFrameworks/CoreUI.framework/Versions/A/CoreUI
0x00007fff35a3f000 	/System/Library/Frameworks/CoreAudio.framework/Versions/A/CoreAudio
0x00007fff3886e000 	/System/Library/Frameworks/DiskArbitration.framework/Versions/A/DiskArbitration
0x00007fff5d4b5000 	/System/Library/PrivateFrameworks/MultitouchSupport.framework/Versions/A/MultitouchSupport
0x00007fff6e1c2000 	/usr/lib/libenergytrace.dylib
0x00007fff392e8000 	/System/Library/Frameworks/IOKit.framework/Versions/A/IOKit
0x00007fff378da000 	/System/Library/Frameworks/CoreServices.framework/Versions/A/CoreServices
0x00007fff5f66d000 	/System/Library/PrivateFrameworks/PerformanceAnalysis.framework/Versions/A/PerformanceAnalysis
0x00007fff41076000 	/System/Library/Frameworks/OpenGL.framework/Versions/A/OpenGL
0x00007fff3565e000 	/System/Library/Frameworks/ColorSync.framework/Versions/A/ColorSync
0x00007fff36ff6000 	/System/Library/Frameworks/CoreImage.framework/Versions/A/CoreImage
0x00007fff3834d000 	/System/Library/Frameworks/CoreText.framework/Versions/A/CoreText
0x00007fff3941e000 	/System/Library/Frameworks/ImageIO.framework/Versions/A/ImageIO
0x00007fff6d793000 	/usr/lib/libcompression.dylib
0x00007fff6d29f000 	/usr/lib/libMobileGestalt.dylib
0x00007fff671b0000 	/System/Library/PrivateFrameworks/TextureIO.framework/Versions/A/TextureIO
0x00007fff6d596000 	/usr/lib/libate.dylib
0x00007fff5b66e000 	/System/Library/PrivateFrameworks/InternationalSupport.framework/Versions/A/InternationalSupport
0x00007fff6e56e000 	/usr/lib/liblzma.5.dylib
0x00007fff6e1e9000 	/usr/lib/libfakelink.dylib
0x00007fff6d523000 	/usr/lib/libarchive.2.dylib
0x00007fff43efa000 	/System/Library/Frameworks/SystemConfiguration.framework/Versions/A/SystemConfiguration
0x00007fff6ce8e000 	/usr/lib/libCRFSuite.dylib
0x00007fff34d61000 	/System/Library/Frameworks/CFNetwork.framework/Versions/A/CFNetwork
0x00007fff6d6f9000 	/usr/lib/libbsm.0.dylib
0x00007fff7046a000 	/usr/lib/system/libkxld.dylib
0x00007fff49cb4000 	/System/Library/PrivateFrameworks/AppleFSCompression.framework/Versions/A/AppleFSCompression
0x00007fff6da84000 	/usr/lib/libcoretls.dylib
0x00007fff6da9b000 	/usr/lib/libcoretls_cfhelpers.dylib
0x00007fff6f2d7000 	/usr/lib/libpam.2.dylib
0x00007fff6f40c000 	/usr/lib/libsqlite3.dylib
0x00007fff6f84b000 	/usr/lib/libxar.1.dylib
0x00007fff6d70a000 	/usr/lib/libbz2.1.0.dylib
0x00007fff6e20a000 	/usr/lib/libiconv.2.dylib
0x00007fff6d780000 	/usr/lib/libcharset.1.dylib
0x00007fff6ed74000 	/usr/lib/libnetwork.dylib
0x00007fff6f2de000 	/usr/lib/libpcap.A.dylib
0x00007fff6d4d8000 	/usr/lib/libapple_nghttp2.dylib
0x00007fff37c91000 	/System/Library/Frameworks/CoreServices.framework/Versions/A/Frameworks/FSEvents.framework/Versions/A/FSEvents
0x00007fff37961000 	/System/Library/Frameworks/CoreServices.framework/Versions/A/Frameworks/CarbonCore.framework/Versions/A/CarbonCore
0x00007fff37ed5000 	/System/Library/Frameworks/CoreServices.framework/Versions/A/Frameworks/Metadata.framework/Versions/A/Metadata
0x00007fff37f6e000 	/System/Library/Frameworks/CoreServices.framework/Versions/A/Frameworks/OSServices.framework/Versions/A/OSServices
0x00007fff37f9c000 	/System/Library/Frameworks/CoreServices.framework/Versions/A/Frameworks/SearchKit.framework/Versions/A/SearchKit
0x00007fff378db000 	/System/Library/Frameworks/CoreServices.framework/Versions/A/Frameworks/AE.framework/Versions/A/AE
0x00007fff37c9a000 	/System/Library/Frameworks/CoreServices.framework/Versions/A/Frameworks/LaunchServices.framework/Versions/A/LaunchServices
0x00007fff37c43000 	/System/Library/Frameworks/CoreServices.framework/Versions/A/Frameworks/DictionaryServices.framework/Versions/A/DictionaryServices
0x00007fff38004000 	/System/Library/Frameworks/CoreServices.framework/Versions/A/Frameworks/SharedFileList.framework/Versions/A/SharedFileList
0x00007fff3ce95000 	/System/Library/Frameworks/NetFS.framework/Versions/A/NetFS
0x00007fff5d9e5000 	/System/Library/PrivateFrameworks/NetAuth.framework/Versions/A/NetAuth
0x00007fff6a36e000 	/System/Library/PrivateFrameworks/login.framework/Versions/A/Frameworks/loginsupport.framework/Versions/A/loginsupport
0x00007fff66c7b000 	/System/Library/PrivateFrameworks/TCC.framework/Versions/A/TCC
0x00007fff4e8e5000 	/System/Library/PrivateFrameworks/CoreNLP.framework/Versions/A/CoreNLP
0x00007fff5cee2000 	/System/Library/PrivateFrameworks/MetadataUtilities.framework/Versions/A/MetadataUtilities
0x00007fff6e646000 	/usr/lib/libmecabra.dylib
0x00007fff6e59e000 	/usr/lib/libmecab.dylib
0x00007fff6e1fa000 	/usr/lib/libgermantok.dylib
0x00007fff6d4bf000 	/usr/lib/libThaiTokenizer.dylib
0x00007fff6cec5000 	/usr/lib/libChineseTokenizer.dylib
0x00007fff32191000 	/System/Library/Frameworks/Accelerate.framework/Versions/A/Frameworks/vImage.framework/Versions/A/vImage
0x00007fff335fb000 	/System/Library/Frameworks/Accelerate.framework/Versions/A/Frameworks/vecLib.framework/Versions/A/vecLib
0x00007fff33538000 	/System/Library/Frameworks/Accelerate.framework/Versions/A/Frameworks/vecLib.framework/Versions/A/libvMisc.dylib
0x00007fff33360000 	/System/Library/Frameworks/Accelerate.framework/Versions/A/Frameworks/vecLib.framework/Versions/A/libvDSP.dylib
0x00007fff327e8000 	/System/Library/Frameworks/Accelerate.framework/Versions/A/Frameworks/vecLib.framework/Versions/A/libBLAS.dylib
0x00007fff32f24000 	/System/Library/Frameworks/Accelerate.framework/Versions/A/Frameworks/vecLib.framework/Versions/A/libLAPACK.dylib
0x00007fff332c0000 	/System/Library/Frameworks/Accelerate.framework/Versions/A/Frameworks/vecLib.framework/Versions/A/libLinearAlgebra.dylib
0x00007fff3334d000 	/System/Library/Frameworks/Accelerate.framework/Versions/A/Frameworks/vecLib.framework/Versions/A/libSparseBLAS.dylib
0x00007fff332d6000 	/System/Library/Frameworks/Accelerate.framework/Versions/A/Frameworks/vecLib.framework/Versions/A/libQuadrature.dylib
0x00007fff32a50000 	/System/Library/Frameworks/Accelerate.framework/Versions/A/Frameworks/vecLib.framework/Versions/A/libBNNS.dylib
0x00007fff332dc000 	/System/Library/Frameworks/Accelerate.framework/Versions/A/Frameworks/vecLib.framework/Versions/A/libSparse.dylib
0x00007fff5ba56000 	/System/Library/PrivateFrameworks/LanguageModeling.framework/Versions/A/LanguageModeling
0x00007fff4e295000 	/System/Library/PrivateFrameworks/CoreEmoji.framework/Versions/A/CoreEmoji
0x00007fff5bb74000 	/System/Library/PrivateFrameworks/LinguisticData.framework/Versions/A/LinguisticData
0x00007fff5bb25000 	/System/Library/PrivateFrameworks/Lexicon.framework/Versions/A/Lexicon
0x00007fff6d781000 	/usr/lib/libcmph.dylib
0x00007fff3fa84000 	/System/Library/Frameworks/OpenDirectory.framework/Versions/A/Frameworks/CFOpenDirectory.framework/Versions/A/CFOpenDirectory
0x00007fff3faa1000 	/System/Library/Frameworks/OpenDirectory.framework/Versions/A/OpenDirectory
0x00007fff47ee4000 	/System/Library/PrivateFrameworks/APFS.framework/Versions/A/APFS
0x00007fff43193000 	/System/Library/Frameworks/SecurityFoundation.framework/Versions/A/SecurityFoundation
0x00007fff6f847000 	/usr/lib/libutil.dylib
0x00007fff4f7ca000 	/System/Library/PrivateFrameworks/CoreServicesStore.framework/Versions/A/CoreServicesStore
0x00007fff4324a000 	/System/Library/Frameworks/ServiceManagement.framework/Versions/A/ServiceManagement
0x00007fff4b484000 	/System/Library/PrivateFrameworks/BackgroundTaskManagement.framework/Versions/A/BackgroundTaskManagement
0x00007fff6f944000 	/usr/lib/libxslt.1.dylib
0x00007fff4a327000 	/System/Library/PrivateFrameworks/AppleSystemInfo.framework/Versions/A/AppleSystemInfo
0x00007fff39639000 	/System/Library/Frameworks/ImageIO.framework/Versions/A/Resources/libJPEG.dylib
0x00007fff398f8000 	/System/Library/Frameworks/ImageIO.framework/Versions/A/Resources/libTIFF.dylib
0x00007fff398db000 	/System/Library/Frameworks/ImageIO.framework/Versions/A/Resources/libPng.dylib
0x00007fff3957b000 	/System/Library/Frameworks/ImageIO.framework/Versions/A/Resources/libGIF.dylib
0x00007fff3957f000 	/System/Library/Frameworks/ImageIO.framework/Versions/A/Resources/libJP2.dylib
0x00007fff398f6000 	/System/Library/Frameworks/ImageIO.framework/Versions/A/Resources/libRadiance.dylib
0x00007fff6e1c3000 	/usr/lib/libexpat.1.dylib
0x00007fff49e0f000 	/System/Library/PrivateFrameworks/AppleJPEG.framework/Versions/A/AppleJPEG
0x00007fff52aca000 	/System/Library/PrivateFrameworks/FontServices.framework/libFontParser.dylib
0x00007fff69370000 	/System/Library/PrivateFrameworks/WatchdogClient.framework/Versions/A/WatchdogClient
0x00007fff5b0b1000 	/System/Library/PrivateFrameworks/IOAccelerator.framework/Versions/A/IOAccelerator
0x00007fff3be05000 	/System/Library/Frameworks/MetalPerformanceShaders.framework/Versions/A/MetalPerformanceShaders
0x00007fff57847000 	/System/Library/PrivateFrameworks/GPUWrangler.framework/Versions/A/GPUWrangler
0x00007fff5b0c6000 	/System/Library/PrivateFrameworks/IOPresentment.framework/Versions/A/IOPresentment
0x00007fff5034a000 	/System/Library/PrivateFrameworks/DSExternalDisplay.framework/Versions/A/DSExternalDisplay
0x00007fff40415000 	/System/Library/Frameworks/OpenGL.framework/Versions/A/Libraries/libCoreFSCache.dylib
0x00007fff3bb51000 	/System/Library/Frameworks/MetalPerformanceShaders.framework/Frameworks/MPSCore.framework/Versions/A/MPSCore
0x00007fff3bb8f000 	/System/Library/Frameworks/MetalPerformanceShaders.framework/Frameworks/MPSImage.framework/Versions/A/MPSImage
0x00007fff3bc56000 	/System/Library/Frameworks/MetalPerformanceShaders.framework/Frameworks/MPSNeuralNetwork.framework/Versions/A/MPSNeuralNetwork
0x00007fff3bc1a000 	/System/Library/Frameworks/MetalPerformanceShaders.framework/Frameworks/MPSMatrix.framework/Versions/A/MPSMatrix
0x00007fff3bdb5000 	/System/Library/Frameworks/MetalPerformanceShaders.framework/Frameworks/MPSRayIntersector.framework/Versions/A/MPSRayIntersector
0x00007fff3bc40000 	/System/Library/Frameworks/MetalPerformanceShaders.framework/Frameworks/MPSNDArray.framework/Versions/A/MPSNDArray
0x00007fff5cf2f000 	/System/Library/PrivateFrameworks/MetalTools.framework/Versions/A/MetalTools
0x00007fff490be000 	/System/Library/PrivateFrameworks/AggregateDictionary.framework/Versions/A/AggregateDictionary
0x00007fff4dcdd000 	/System/Library/PrivateFrameworks/CoreAnalytics.framework/Versions/A/CoreAnalytics
0x00007fff4a246000 	/System/Library/PrivateFrameworks/AppleSauce.framework/Versions/A/AppleSauce
0x00007fff6d181000 	/usr/lib/libIOReport.dylib
0x00007fff38505000 	/System/Library/Frameworks/CoreVideo.framework/Versions/A/CoreVideo
0x00007fff58cc0000 	/System/Library/PrivateFrameworks/GraphVisualizer.framework/Versions/A/GraphVisualizer
0x00007fff52010000 	/System/Library/PrivateFrameworks/FaceCore.framework/Versions/A/FaceCore
0x00007fff3fa2b000 	/System/Library/Frameworks/OpenCL.framework/Versions/A/OpenCL
0x00007fff6cfa3000 	/usr/lib/libFosl_dynamic.dylib
0x00007fff5e405000 	/System/Library/PrivateFrameworks/OTSVG.framework/Versions/A/OTSVG
0x00007fff346ba000 	/System/Library/Frameworks/ApplicationServices.framework/Versions/A/Frameworks/ATS.framework/Versions/A/Resources/libFontRegistry.dylib
0x00007fff52c9b000 	/System/Library/PrivateFrameworks/FontServices.framework/libhvf.dylib
0x00007fff40420000 	/System/Library/Frameworks/OpenGL.framework/Versions/A/Libraries/libGFXShared.dylib
0x00007fff405fe000 	/System/Library/Frameworks/OpenGL.framework/Versions/A/Libraries/libGLU.dylib
0x00007fff40429000 	/System/Library/Frameworks/OpenGL.framework/Versions/A/Libraries/libGL.dylib
0x00007fff40434000 	/System/Library/Frameworks/OpenGL.framework/Versions/A/Libraries/libGLImage.dylib
0x00007fff40412000 	/System/Library/Frameworks/OpenGL.framework/Versions/A/Libraries/libCVMSPluginSupport.dylib
0x00007fff4041b000 	/System/Library/Frameworks/OpenGL.framework/Versions/A/Libraries/libCoreVMClient.dylib
0x00007fff6ec15000 	/usr/lib/libncurses.5.4.dylib
0x00007fff345b6000 	/System/Library/Frameworks/ApplicationServices.framework/Versions/A/Frameworks/ATS.framework/Versions/A/ATS
0x00007fff34783000 	/System/Library/Frameworks/ApplicationServices.framework/Versions/A/Frameworks/ColorSyncLegacy.framework/Versions/A/ColorSyncLegacy
0x00007fff34821000 	/System/Library/Frameworks/ApplicationServices.framework/Versions/A/Frameworks/HIServices.framework/Versions/A/HIServices
0x00007fff34879000 	/System/Library/Frameworks/ApplicationServices.framework/Versions/A/Frameworks/LangAnalysis.framework/Versions/A/LangAnalysis
0x00007fff34888000 	/System/Library/Frameworks/ApplicationServices.framework/Versions/A/Frameworks/PrintCore.framework/Versions/A/PrintCore
0x00007fff348ce000 	/System/Library/Frameworks/ApplicationServices.framework/Versions/A/Frameworks/QD.framework/Versions/A/QD
0x00007fff348d9000 	/System/Library/Frameworks/ApplicationServices.framework/Versions/A/Frameworks/SpeechSynthesis.framework/Versions/A/SpeechSynthesis
0x00007fff34753000 	/System/Library/Frameworks/ApplicationServices.framework/Versions/A/Frameworks/ATSUI.framework/Versions/A/ATSUI
0x00007fff6e059000 	/usr/lib/libcups.2.dylib
0x00007fff3aea0000 	/System/Library/Frameworks/Kerberos.framework/Versions/A/Kerberos
0x00007fff38fe1000 	/System/Library/Frameworks/GSS.framework/Versions/A/GSS
0x00007fff6f398000 	/usr/lib/libresolv.9.dylib
0x00007fff58e6d000 	/System/Library/PrivateFrameworks/Heimdal.framework/Versions/A/Heimdal
0x00007fff3aeb3000 	/System/Library/Frameworks/Kerberos.framework/Versions/A/Libraries/libHeimdalProxy.dylib
0x00007fff6e200000 	/usr/lib/libheimdal-asn1.dylib
0x00007fff4d175000 	/System/Library/PrivateFrameworks/CommonAuth.framework/Versions/A/CommonAuth
0x00007fff4a3c4000 	/System/Library/PrivateFrameworks/AssertionServices.framework/Versions/A/AssertionServices
0x00007fff4af67000 	/System/Library/PrivateFrameworks/AudioToolboxCore.framework/Versions/A/AudioToolboxCore
0x00007fff6a01e000 	/System/Library/PrivateFrameworks/caulk.framework/Versions/A/caulk
0x00007fff4b530000 	/System/Library/PrivateFrameworks/BaseBoard.framework/Versions/A/BaseBoard
0x00007fff62668000 	/System/Library/PrivateFrameworks/RunningBoardServices.framework/Versions/A/RunningBoardServices
0x00007fff5f679000 	/System/Library/PrivateFrameworks/PersistentConnection.framework/Versions/A/PersistentConnection
0x00007fff62061000 	/System/Library/PrivateFrameworks/ProtocolBuffer.framework/Versions/A/ProtocolBuffer
0x00007fff4d199000 	/System/Library/PrivateFrameworks/CommonUtilities.framework/Versions/A/CommonUtilities
0x00007fff4b6be000 	/System/Library/PrivateFrameworks/Bom.framework/Versions/A/Bom
0x00007fff6ce54000 	/usr/lib/libAudioToolboxUtility.dylib
0x00007fff4b48e000 	/System/Library/PrivateFrameworks/Backup.framework/Versions/A/Backup
0x00007fff5026b000 	/System/Library/PrivateFrameworks/CrashReporterSupport.framework/Versions/A/CrashReporterSupport
0x00007fff640fa000 	/System/Library/PrivateFrameworks/Sharing.framework/Versions/A/Sharing
0x00007fff499d2000 	/System/Library/PrivateFrameworks/Apple80211.framework/Versions/A/Apple80211
0x00007fff4b1ab000 	/System/Library/PrivateFrameworks/AuthKit.framework/Versions/A/AuthKit
0x00007fff4ff78000 	/System/Library/PrivateFrameworks/CoreUtils.framework/Versions/A/CoreUtils
0x00007fff3854a000 	/System/Library/Frameworks/CoreWLAN.framework/Versions/A/CoreWLAN
0x00007fff3916e000 	/System/Library/Frameworks/IOBluetooth.framework/Versions/A/IOBluetooth
0x00007fff5d234000 	/System/Library/PrivateFrameworks/MobileKeyBag.framework/Versions/A/MobileKeyBag
0x00007fff4ed7d000 	/System/Library/PrivateFrameworks/CorePhoneNumbers.framework/Versions/A/CorePhoneNumbers
0x00007fff49dc2000 	/System/Library/PrivateFrameworks/AppleIDAuthSupport.framework/Versions/A/AppleIDAuthSupport
0x00007fff3cea2000 	/System/Library/Frameworks/Network.framework/Versions/A/Network
0x00007fff5b902000 	/System/Library/PrivateFrameworks/KeychainCircle.framework/Versions/A/KeychainCircle
0x00007fff35f9b000 	/System/Library/Frameworks/CoreBluetooth.framework/Versions/A/CoreBluetooth
0x00007fff66179000 	/System/Library/PrivateFrameworks/SpeechRecognitionCore.framework/Versions/A/SpeechRecognitionCore
0x0000000102200000 	/Users/mulie/Library/Java/JavaVirtualMachines/openjdk-15/Contents/Home/lib/server/libjvm.dylib
0x00000001010a0000 	/Users/mulie/Library/Java/JavaVirtualMachines/openjdk-15/Contents/Home/lib/libjimage.dylib
0x00000001010f6000 	/Users/mulie/Library/Java/JavaVirtualMachines/openjdk-15/Contents/Home/lib/libjava.dylib
0x00000001011c1000 	/Users/mulie/Library/Java/JavaVirtualMachines/openjdk-15/Contents/Home/lib/libnio.dylib
0x00000001011d5000 	/Users/mulie/Library/Java/JavaVirtualMachines/openjdk-15/Contents/Home/lib/libnet.dylib
0x00000001011ee000 	/Users/mulie/Library/Java/JavaVirtualMachines/openjdk-15/Contents/Home/lib/libzip.dylib


VM Arguments:
jvm_args: -Dfile.encoding=UTF-8 -XX:+ShowCodeDetailsInExceptionMessages 
java_command: org.apache.catalina.startup.Tomcat$1
java_class_path (initial): /Users/mulie/Documents/GeorgeMasonUniversity/Courses/Fall2020/SWE-645/SWE645-group-project/SurveyHomework/build/classes:/Users/mulie/Documents/GeorgeMasonUniversity/Courses/Fall2020/SWE-645/apache-tomcat-7.0.105/lib/tomcat-i18n-ko.jar:/Users/mulie/Documents/GeorgeMasonUniversity/Courses/Fall2020/SWE-645/apache-tomcat-7.0.105/lib/el-api.jar:/Users/mulie/Documents/GeorgeMasonUniversity/Courses/Fall2020/SWE-645/apache-tomcat-7.0.105/lib/tomcat-i18n-es.jar:/Users/mulie/Documents/GeorgeMasonUniversity/Courses/Fall2020/SWE-645/apache-tomcat-7.0.105/lib/jasper.jar:/Users/mulie/Documents/GeorgeMasonUniversity/Courses/Fall2020/SWE-645/apache-tomcat-7.0.105/lib/jasper-el.jar:/Users/mulie/Documents/GeorgeMasonUniversity/Courses/Fall2020/SWE-645/apache-tomcat-7.0.105/lib/tomcat-util.jar:/Users/mulie/Documents/GeorgeMasonUniversity/Courses/Fall2020/SWE-645/apache-tomcat-7.0.105/lib/tomcat-i18n-de.jar:/Users/mulie/Documents/GeorgeMasonUniversity/Courses/Fall2020/SWE-645/apache-tomcat-7.0.105/lib/jsp-api.jar:/Users/mulie/Documents/GeorgeMasonUniversity/Courses/Fall2020/SWE-645/apache-tomcat-7.0.105/lib/catalina-tribes.jar:/Users/mulie/Documents/GeorgeMasonUniversity/Courses/Fall2020/SWE-645/apache-tomcat-7.0.105/lib/catalina.jar:/Users/mulie/Documents/GeorgeMasonUniversity/Courses/Fall2020/SWE-645/apache-tomcat-7.0.105/lib/tomcat7-websocket.jar:/Users/mulie/Documents/GeorgeMasonUniversity/Courses/Fall2020/SWE-645/apache-tomcat-7.0.105/lib/websocket-api.jar:/Users/mulie/Documents/GeorgeMasonUniversity/Courses/Fall2020/SWE-645/apache-tomcat-7.0.105/lib/tomcat-coyote.jar:/Users/mulie/Documents/GeorgeMasonUniversity/Courses/Fall2020/SWE-645/apache-tomcat-7.0.105/lib/catalina-ha.jar:/Users/mulie/Documents/GeorgeMasonUniversity/Courses/Fall2020/SWE-645/apache-tomcat-7.0.105/lib/tomcat-api.jar:/Users/mulie/Documents/GeorgeMasonUniversity/Courses/Fall2020/SWE-645/apache-tomcat-7.0.105/lib/ecj-4.4.2.jar:/Users/mulie/Documents/GeorgeMasonUniversity/Courses/Fall2
Launcher Type: SUN_STANDARD

[Global flags]
     intx CICompilerCount                          = 4                                         {product} {ergonomic}
     uint ConcGCThreads                            = 2                                         {product} {ergonomic}
     uint G1ConcRefinementThreads                  = 8                                         {product} {ergonomic}
   size_t G1HeapRegionSize                         = 1048576                                   {product} {ergonomic}
    uintx GCDrainStackTargetSize                   = 64                                        {product} {ergonomic}
   size_t InitialHeapSize                          = 134217728                                 {product} {ergonomic}
   size_t MarkStackSize                            = 4194304                                   {product} {ergonomic}
   size_t MaxHeapSize                              = 2147483648                                {product} {ergonomic}
   size_t MaxNewSize                               = 1287651328                                {product} {ergonomic}
   size_t MinHeapDeltaBytes                        = 1048576                                   {product} {ergonomic}
   size_t MinHeapSize                              = 8388608                                   {product} {ergonomic}
    uintx NonNMethodCodeHeapSize                   = 5839372                                {pd product} {ergonomic}
    uintx NonProfiledCodeHeapSize                  = 122909434                              {pd product} {ergonomic}
    uintx ProfiledCodeHeapSize                     = 122909434                              {pd product} {ergonomic}
    uintx ReservedCodeCacheSize                    = 251658240                              {pd product} {ergonomic}
     bool SegmentedCodeCache                       = true                                      {product} {ergonomic}
     bool ShowCodeDetailsInExceptionMessages       = true                                   {manageable} {command line}
   size_t SoftMaxHeapSize                          = 2147483648                             {manageable} {ergonomic}
     bool UseCompressedClassPointers               = true                                 {lp64_product} {ergonomic}
     bool UseCompressedOops                        = true                                 {lp64_product} {ergonomic}
     bool UseG1GC                                  = true                                      {product} {ergonomic}
     bool UseNUMA                                  = false                                     {product} {ergonomic}
     bool UseNUMAInterleaving                      = false                                     {product} {ergonomic}

Logging:
Log output configuration:
 #0: stdout all=warning uptime,level,tags
 #1: stderr all=off uptime,level,tags

Environment Variables:
PATH=/usr/bin:/bin:/usr/sbin:/sbin
SHELL=/bin/bash

Signal Handlers:
SIGSEGV: [libjvm.dylib+0xa0c560], sa_mask[0]=11111111011111110111111111111111, sa_flags=SA_ONSTACK|SA_RESTART|SA_SIGINFO
SIGBUS: [libjvm.dylib+0xa0c560], sa_mask[0]=11111111011111110111111111111111, sa_flags=SA_RESTART|SA_SIGINFO
SIGFPE: [libjvm.dylib+0xa0c560], sa_mask[0]=11111111011111110111111111111111, sa_flags=SA_RESTART|SA_SIGINFO
SIGPIPE: [libjvm.dylib+0x82a870], sa_mask[0]=11111111011111110111111111111111, sa_flags=SA_RESTART|SA_SIGINFO
SIGXFSZ: [libjvm.dylib+0x82a870], sa_mask[0]=11111111011111110111111111111111, sa_flags=SA_RESTART|SA_SIGINFO
SIGILL: [libjvm.dylib+0xa0c560], sa_mask[0]=11111111011111110111111111111111, sa_flags=SA_RESTART|SA_SIGINFO
SIGUSR2: [libjvm.dylib+0x82b380], sa_mask[0]=00100000000000000000000000000000, sa_flags=SA_RESTART|SA_SIGINFO
SIGHUP: [libjvm.dylib+0x829a80], sa_mask[0]=11111111011111110111111111111111, sa_flags=SA_RESTART|SA_SIGINFO
SIGINT: [libjvm.dylib+0x829a80], sa_mask[0]=11111111011111110111111111111111, sa_flags=SA_RESTART|SA_SIGINFO
SIGTERM: [libjvm.dylib+0x829a80], sa_mask[0]=11111111011111110111111111111111, sa_flags=SA_RESTART|SA_SIGINFO
SIGQUIT: [libjvm.dylib+0x829a80], sa_mask[0]=11111111011111110111111111111111, sa_flags=SA_RESTART|SA_SIGINFO


---------------  S Y S T E M  ---------------

OS:uname: Darwin 19.6.0 Darwin Kernel Version 19.6.0: Mon Aug 31 22:12:52 PDT 2020; root:xnu-6153.141.2~1/RELEASE_X86_64 x86_64
OS uptime: 6 days 1:23 hours
rlimit (soft/hard): STACK 8192k/65532k , CORE 0k/infinity , NPROC 1392/2088 , NOFILE 10240/infinity , AS infinity/infinity , CPU infinity/infinity , DATA infinity/infinity , FSIZE infinity/infinity , MEMLOCK infinity/infinity , RSS infinity/infinity
load average: 1.91 2.03 1.96

CPU: total 8 (initial active 8) (4 cores per cpu, 2 threads per core) family 6 model 142 stepping 10, cmov, cx8, fxsr, mmx, sse, sse2, sse3, ssse3, sse4.1, sse4.2, popcnt, vzeroupper, avx, avx2, aes, clmul, erms, 3dnowpref, lzcnt, ht, tsc, tscinvbit, bmi1, bmi2, adx, fma, clflush, clflushopt

Memory: 4k page, physical 8388608k(29608k free), swap 4194304k(1009920k free)

vm_info: OpenJDK 64-Bit Server VM (15+36-1562) for bsd-amd64 JRE (15+36-1562), built on Aug 11 2020 21:33:19 by "mach5one" with clang 4.2.1 Compatible Apple LLVM 10.0.0 (clang-1000.11.45.5)

END.
